<?xml version="1.0" encoding="UTF-8"?>
<!-- Generated by org.testng.reporters.JUnitXMLReporter -->
<testsuite ignored="0" hostname="DESKTOP-4ON2IB0" failures="0" tests="10" name="Test" time="0.083" errors="0" timestamp="2023-05-03T18:39:10 IST">
  <testcase classname="spicejet.com.utils.BaseTestSJ" name="@BeforeMethod launchBrowser" time="-1.683119350197E9">
    <failure type="org.testng.TestNGException" message="
Parameter &amp;apos;browser&amp;apos; is required by BeforeMethod on method launchBrowser but has not been marked @Optional or defined
in F:\LearningWorkSpace\SpiceJetProject\testng.xml">
      <![CDATA[org.testng.TestNGException: 
Parameter 'browser' is required by BeforeMethod on method launchBrowser but has not been marked @Optional or defined
in F:\LearningWorkSpace\SpiceJetProject\testng.xml
at java.base/java.util.ArrayList.forEach(ArrayList.java:1511)
... Removed 28 stack frames]]>
    </failure>
  </testcase> <!-- @BeforeMethod launchBrowser -->
  <testcase classname="spicejet.com.utils.BaseTestSJ" name="@BeforeMethod launchBrowser" time="-1.683119350213E9">
    <failure type="org.testng.TestNGException" message="
Parameter &amp;apos;browser&amp;apos; is required by BeforeMethod on method launchBrowser but has not been marked @Optional or defined
in F:\LearningWorkSpace\SpiceJetProject\testng.xml">
      <![CDATA[org.testng.TestNGException: 
Parameter 'browser' is required by BeforeMethod on method launchBrowser but has not been marked @Optional or defined
in F:\LearningWorkSpace\SpiceJetProject\testng.xml
at java.base/java.util.ArrayList.forEach(ArrayList.java:1511)
... Removed 28 stack frames]]>
    </failure>
  </testcase> <!-- @BeforeMethod launchBrowser -->
  <testcase classname="spicejet.com.utils.BaseTestSJ" name="@BeforeMethod launchBrowser" time="-1.683119350217E9">
    <skipped/>
  </testcase> <!-- @BeforeMethod launchBrowser -->
  <testcase classname="spicejet.com.utils.BaseTestSJ" name="@BeforeMethod launchBrowser" time="-1.683119350221E9">
    <failure type="org.testng.TestNGException" message="
Parameter &amp;apos;browser&amp;apos; is required by BeforeMethod on method launchBrowser but has not been marked @Optional or defined
in F:\LearningWorkSpace\SpiceJetProject\testng.xml">
      <![CDATA[org.testng.TestNGException: 
Parameter 'browser' is required by BeforeMethod on method launchBrowser but has not been marked @Optional or defined
in F:\LearningWorkSpace\SpiceJetProject\testng.xml
at java.base/java.util.ArrayList.forEach(ArrayList.java:1511)
... Removed 28 stack frames]]>
    </failure>
  </testcase> <!-- @BeforeMethod launchBrowser -->
  <testcase classname="spicejet.com.utils.BaseTestSJ" name="@BeforeMethod launchBrowser" time="-1.683119350227E9">
    <failure type="org.testng.TestNGException" message="
Parameter &amp;apos;browser&amp;apos; is required by BeforeMethod on method launchBrowser but has not been marked @Optional or defined
in F:\LearningWorkSpace\SpiceJetProject\testng.xml">
      <![CDATA[org.testng.TestNGException: 
Parameter 'browser' is required by BeforeMethod on method launchBrowser but has not been marked @Optional or defined
in F:\LearningWorkSpace\SpiceJetProject\testng.xml
at java.base/java.util.ArrayList.forEach(ArrayList.java:1511)
... Removed 28 stack frames]]>
    </failure>
  </testcase> <!-- @BeforeMethod launchBrowser -->
  <testcase classname="spicejet.com.utils.BaseTestSJ" name="@BeforeMethod launchBrowser" time="-1.68311935023E9">
    <failure type="org.testng.TestNGException" message="
Parameter &amp;apos;browser&amp;apos; is required by BeforeMethod on method launchBrowser but has not been marked @Optional or defined
in F:\LearningWorkSpace\SpiceJetProject\testng.xml">
      <![CDATA[org.testng.TestNGException: 
Parameter 'browser' is required by BeforeMethod on method launchBrowser but has not been marked @Optional or defined
in F:\LearningWorkSpace\SpiceJetProject\testng.xml
at java.base/java.util.ArrayList.forEach(ArrayList.java:1511)
... Removed 28 stack frames]]>
    </failure>
  </testcase> <!-- @BeforeMethod launchBrowser -->
  <testcase classname="spicejet.com.utils.BaseTestSJ" name="@BeforeMethod launchBrowser" time="-1.683119350236E9">
    <failure type="org.testng.TestNGException" message="
Parameter &amp;apos;browser&amp;apos; is required by BeforeMethod on method launchBrowser but has not been marked @Optional or defined
in F:\LearningWorkSpace\SpiceJetProject\testng.xml">
      <![CDATA[org.testng.TestNGException: 
Parameter 'browser' is required by BeforeMethod on method launchBrowser but has not been marked @Optional or defined
in F:\LearningWorkSpace\SpiceJetProject\testng.xml
at java.base/java.util.ArrayList.forEach(ArrayList.java:1511)
... Removed 28 stack frames]]>
    </failure>
  </testcase> <!-- @BeforeMethod launchBrowser -->
  <testcase classname="spicejet.com.utils.BaseTestSJ" name="@BeforeMethod launchBrowser" time="-1.683119350242E9">
    <failure type="org.testng.TestNGException" message="
Parameter &amp;apos;browser&amp;apos; is required by BeforeMethod on method launchBrowser but has not been marked @Optional or defined
in F:\LearningWorkSpace\SpiceJetProject\testng.xml">
      <![CDATA[org.testng.TestNGException: 
Parameter 'browser' is required by BeforeMethod on method launchBrowser but has not been marked @Optional or defined
in F:\LearningWorkSpace\SpiceJetProject\testng.xml
at java.base/java.util.ArrayList.forEach(ArrayList.java:1511)
... Removed 28 stack frames]]>
    </failure>
  </testcase> <!-- @BeforeMethod launchBrowser -->
  <testcase classname="spicejet.com.utils.BaseTestSJ" name="@BeforeMethod launchBrowser" time="-1.683119350246E9">
    <failure type="org.testng.TestNGException" message="
Parameter &amp;apos;browser&amp;apos; is required by BeforeMethod on method launchBrowser but has not been marked @Optional or defined
in F:\LearningWorkSpace\SpiceJetProject\testng.xml">
      <![CDATA[org.testng.TestNGException: 
Parameter 'browser' is required by BeforeMethod on method launchBrowser but has not been marked @Optional or defined
in F:\LearningWorkSpace\SpiceJetProject\testng.xml
at java.base/java.util.ArrayList.forEach(ArrayList.java:1511)
... Removed 28 stack frames]]>
    </failure>
  </testcase> <!-- @BeforeMethod launchBrowser -->
  <testcase classname="spicejet.com.utils.BaseTestSJ" name="@BeforeMethod launchBrowser" time="-1.68311935025E9">
    <failure type="org.testng.TestNGException" message="
Parameter &amp;apos;browser&amp;apos; is required by BeforeMethod on method launchBrowser but has not been marked @Optional or defined
in F:\LearningWorkSpace\SpiceJetProject\testng.xml">
      <![CDATA[org.testng.TestNGException: 
Parameter 'browser' is required by BeforeMethod on method launchBrowser but has not been marked @Optional or defined
in F:\LearningWorkSpace\SpiceJetProject\testng.xml
at java.base/java.util.ArrayList.forEach(ArrayList.java:1511)
... Removed 28 stack frames]]>
    </failure>
  </testcase> <!-- @BeforeMethod launchBrowser -->
  <testcase classname="spicejet.com.testcases.LoginTestCase" name="login" time="0.0">
    <skipped/>
  </testcase> <!-- login -->
  <testcase classname="spicejet.com.testcases.OneWayFlightTestCase" name="oneway" time="0.0">
    <skipped/>
  </testcase> <!-- oneway -->
  <testcase classname="spicejet.com.testcases.SelectAFlightTestCase" name="select" time="0.0">
    <skipped/>
  </testcase> <!-- select -->
  <testcase classname="spicejet.com.testcases.CheckInTestCase" name="checkin" time="0.0">
    <skipped/>
  </testcase> <!-- checkin -->
  <testcase classname="spicejet.com.testcases.OneWayFlightTestCase" name="oneway" time="0.0">
    <skipped/>
  </testcase> <!-- oneway -->
  <testcase classname="spicejet.com.testcases.LaunchWebSiteTest" name="openWebsite" time="0.0">
    <skipped/>
  </testcase> <!-- openWebsite -->
  <testcase classname="spicejet.com.testcases.FlightStatusTestCase" name="status" time="0.0">
    <skipped/>
  </testcase> <!-- status -->
  <testcase classname="spicejet.com.testcases.ManageBookingValidationTestCase" name="validate" time="0.0">
    <skipped/>
  </testcase> <!-- validate -->
  <testcase classname="spicejet.com.testcases.SignUpTestCase" name="signup" time="0.0">
    <skipped/>
  </testcase> <!-- signup -->
  <testcase classname="spicejet.com.testcases.TwoWayFlightTestCase" name="twoway" time="0.0">
    <skipped/>
  </testcase> <!-- twoway -->
</testsuite> <!-- Test -->
